Arguments: 
  /usr/bin/node /usr/share/yarn/bin/yarn.js add puppeter

PATH: 
  /usr/local/sbin:/usr/local/bin:/usr/sbin:/usr/bin:/sbin:/bin:/usr/games:/usr/local/games:/snap/bin:/home/nicj/.antigen/bundles/robbyrussell/oh-my-zsh/lib:/home/nicj/.antigen/bundles/zsh-users/zsh-syntax-highlighting:/home/nicj/.antigen/bundles/denysdovhan/spaceship-prompt:/usr/local/go/bin:/usr/local/tinygo/bin:/usr/local/go/bin:/usr/local/tinygo/bin

Yarn version: 
  1.22.19

Node version: 
  17.9.0

Platform: 
  linux arm64

Trace: 
  Error: https://registry.yarnpkg.com/puppeter: Not found
      at Request.params.callback [as _callback] (/usr/share/yarn/lib/cli.js:66145:18)
      at Request.self.callback (/usr/share/yarn/lib/cli.js:140890:22)
      at Request.emit (node:events:527:28)
      at Request.<anonymous> (/usr/share/yarn/lib/cli.js:141862:10)
      at Request.emit (node:events:527:28)
      at IncomingMessage.<anonymous> (/usr/share/yarn/lib/cli.js:141784:12)
      at Object.onceWrapper (node:events:641:28)
      at IncomingMessage.emit (node:events:539:35)
      at endReadableNT (node:internal/streams/readable:1345:12)
      at processTicksAndRejections (node:internal/process/task_queues:83:21)

npm manifest: 
  No manifest

yarn manifest: 
  No manifest

Lockfile: 
  # THIS IS AN AUTOGENERATED FILE. DO NOT EDIT THIS FILE DIRECTLY.
  # yarn lockfile v1
